INFO:root:Message: stale element reference: element is not attached to the page document
  (Session info: chrome=111.0.5563.111)
Stacktrace:
Backtrace:
	(No symbol) [0x0116DCE3]
	(No symbol) [0x011039D1]
	(No symbol) [0x01014DA8]
	(No symbol) [0x010176FB]
	(No symbol) [0x010175D0]
	(No symbol) [0x01017850]
	(No symbol) [0x01044AAD]
	(No symbol) [0x01044323]
	(No symbol) [0x0107384C]
	(No symbol) [0x0105AECC]
	(No symbol) [0x0106D57C]
	(No symbol) [0x0105ACC6]
	(No symbol) [0x01036F68]
	(No symbol) [0x010380CD]
	GetHandleVerifier [0x013E3832+2506274]
	GetHandleVerifier [0x01419794+2727300]
	GetHandleVerifier [0x0141E36C+2746716]
	GetHandleVerifier [0x01216690+617600]
	(No symbol) [0x0110C712]
	(No symbol) [0x01111FF8]
	(No symbol) [0x011120DB]
	(No symbol) [0x0111C63B]
	BaseThreadInitThunk [0x76200099+25]
	RtlGetAppContainerNamedObjectPath [0x77067B6E+286]
	RtlGetAppContainerNamedObjectPath [0x77067B3E+238]

