INFO:root:0 cookies
per second: 0
INFO:root:1 cookie
per second: 0
INFO:root:1 cookie
per second: 0
INFO:root:1 cookie
per second: 0
INFO:root:1 cookie
per second: 0
INFO:root:1 cookie
per second: 0
INFO:root:1 cookie
per second: 0
INFO:root:1 cookie
per second: 0
INFO:root:1 cookie
per second: 0
INFO:root:1 cookie
per second: 0
INFO:root:1 cookie
per second: 0
INFO:root:1 cookie
per second: 0
INFO:root:1 cookie
per second: 0
INFO:root:1 cookie
per second: 0
INFO:root:1 cookie
per second: 0
INFO:root:1 cookie
per second: 0
INFO:root:1 cookie
per second: 0
INFO:root:1 cookie
per second: 0
INFO:root:1 cookie
per second: 0
INFO:root:1 cookie
per second: 0
INFO:root:1 cookie
per second: 0
INFO:root:1 cookie
per second: 0
INFO:root:1 cookie
per second: 0
INFO:root:1 cookie
per second: 0
INFO:root:1 cookie
per second: 0
INFO:root:1 cookie
per second: 0
INFO:root:1 cookie
per second: 0
INFO:root:1 cookie
per second: 0
INFO:root:1 cookie
per second: 0
INFO:root:1 cookie
per second: 0
INFO:root:1 cookie
per second: 0
INFO:root:1 cookie
per second: 0
INFO:root:1 cookie
per second: 0
INFO:root:1 cookie
per second: 0
INFO:root:1 cookie
per second: 0
INFO:root:1 cookie
per second: 0
INFO:root:1 cookie
per second: 0
INFO:root:1 cookie
per second: 0
INFO:root:1 cookie
per second: 0
INFO:root:1 cookie
per second: 0
INFO:root:1 cookie
per second: 0
INFO:root:1 cookie
per second: 0
INFO:root:1 cookie
per second: 0
INFO:root:1 cookie
per second: 0
INFO:root:1 cookie
per second: 0
INFO:root:1 cookie
per second: 0
INFO:root:1 cookie
per second: 0
INFO:root:1 cookie
per second: 0
INFO:root:1 cookie
per second: 0
INFO:root:1 cookie
per second: 0
INFO:root:1 cookie
per second: 0
INFO:root:1 cookie
per second: 0
INFO:root:1 cookie
per second: 0
INFO:root:1 cookie
per second: 0
INFO:root:1 cookie
per second: 0
INFO:root:1 cookie
per second: 0
INFO:root:1 cookie
per second: 0
INFO:root:1 cookie
per second: 0
INFO:root:1 cookie
per second: 0
INFO:root:1 cookie
per second: 0
INFO:root:1 cookie
per second: 0
INFO:root:1 cookie
per second: 0
INFO:root:1 cookie
per second: 0
INFO:root:1 cookie
per second: 0
INFO:root:1 cookie
per second: 0
INFO:root:1 cookie
per second: 0
INFO:root:1 cookie
per second: 0
INFO:root:1 cookie
per second: 0
INFO:root:1 cookie
per second: 0
INFO:root:1 cookie
per second: 0
INFO:root:1 cookie
per second: 0
INFO:root:1 cookie
per second: 0
INFO:root:1 cookie
per second: 0
INFO:root:1 cookie
per second: 0
INFO:root:1 cookie
per second: 0
INFO:root:1 cookie
per second: 0
INFO:root:1 cookie
per second: 0
INFO:root:1 cookie
per second: 0
INFO:root:1 cookie
per second: 0
INFO:root:1 cookie
per second: 0
INFO:root:1 cookie
per second: 0
INFO:root:1 cookie
per second: 0
INFO:root:1 cookie
per second: 0
INFO:root:1 cookie
per second: 0
INFO:root:1 cookie
per second: 0
INFO:root:1 cookie
per second: 0
INFO:root:1 cookie
per second: 0
INFO:root:1 cookie
per second: 0
INFO:root:1 cookie
per second: 0
INFO:root:1 cookie
per second: 0
INFO:root:1 cookie
per second: 0
INFO:root:1 cookie
per second: 0
INFO:root:1 cookie
per second: 0
INFO:root:1 cookie
per second: 0
INFO:root:1 cookie
per second: 0
INFO:root:1 cookie
per second: 0
INFO:root:1 cookie
per second: 0
INFO:root:1 cookie
per second: 0
INFO:root:1 cookie
per second: 0
INFO:root:1 cookie
per second: 0
INFO:root:1 cookie
per second: 0
INFO:root:1 cookie
per second: 0
INFO:root:1 cookie
per second: 0
INFO:root:1 cookie
per second: 0
INFO:root:1 cookie
per second: 0
INFO:root:1 cookie
per second: 0
INFO:root:1 cookie
per second: 0
INFO:root:1 cookie
per second: 0
INFO:root:1 cookie
per second: 0
INFO:root:1 cookie
per second: 0
INFO:root:1 cookie
per second: 0
INFO:root:1 cookie
per second: 0
INFO:root:1 cookie
per second: 0
INFO:root:1 cookie
per second: 0
INFO:root:1 cookie
per second: 0
INFO:root:1 cookie
per second: 0
INFO:root:1 cookie
per second: 0
INFO:root:1 cookie
per second: 0
INFO:root:1 cookie
per second: 0
INFO:root:1 cookie
per second: 0
INFO:root:1 cookie
per second: 0
INFO:root:1 cookie
per second: 0
INFO:root:1 cookie
per second: 0
INFO:root:1 cookie
per second: 0
INFO:root:1 cookie
per second: 0
INFO:root:1 cookie
per second: 0
INFO:root:1 cookie
per second: 0
INFO:root:1 cookie
per second: 0
INFO:root:1 cookie
per second: 0
INFO:root:1 cookie
per second: 0
INFO:root:1 cookie
per second: 0
INFO:root:1 cookie
per second: 0
INFO:root:1 cookie
per second: 0
INFO:root:1 cookie
per second: 0
INFO:root:1 cookie
per second: 0
INFO:root:1 cookie
per second: 0
INFO:root:1 cookie
per second: 0
INFO:root:1 cookie
per second: 0
INFO:root:1 cookie
per second: 0
INFO:root:1 cookie
per second: 0
INFO:root:1 cookie
per second: 0
INFO:root:1 cookie
per second: 0
INFO:root:1 cookie
per second: 0
INFO:root:1 cookie
per second: 0
INFO:root:1 cookie
per second: 0
INFO:root:1 cookie
per second: 0
INFO:root:1 cookie
per second: 0
INFO:root:1 cookie
per second: 0
INFO:root:1 cookie
per second: 0
INFO:root:1 cookie
per second: 0
INFO:root:1 cookie
per second: 0
INFO:root:1 cookie
per second: 0
INFO:root:1 cookie
per second: 0
INFO:root:1 cookie
per second: 0
INFO:root:1 cookie
per second: 0
INFO:root:1 cookie
per second: 0
INFO:root:1 cookie
per second: 0
INFO:root:1 cookie
per second: 0
INFO:root:1 cookie
per second: 0
INFO:root:1 cookie
per second: 0
INFO:root:1 cookie
per second: 0
INFO:root:1 cookie
per second: 0
INFO:root:1 cookie
per second: 0
INFO:root:1 cookie
per second: 0
INFO:root:1 cookie
per second: 0
INFO:root:1 cookie
per second: 0
INFO:root:1 cookie
per second: 0
INFO:root:1 cookie
per second: 0
INFO:root:1 cookie
per second: 0
INFO:root:1 cookie
per second: 0
INFO:root:1 cookie
per second: 0
INFO:root:1 cookie
per second: 0
INFO:root:1 cookie
per second: 0
INFO:root:1 cookie
per second: 0
INFO:root:1 cookie
per second: 0
INFO:root:1 cookie
per second: 0
INFO:root:1 cookie
per second: 0
INFO:root:1 cookie
per second: 0
INFO:root:1 cookie
per second: 0
INFO:root:1 cookie
per second: 0
INFO:root:1 cookie
per second: 0
INFO:root:1 cookie
per second: 0
INFO:root:1 cookie
per second: 0
INFO:root:1 cookie
per second: 0
INFO:root:1 cookie
per second: 0
INFO:root:1 cookie
per second: 0
INFO:root:1 cookie
per second: 0
INFO:root:1 cookie
per second: 0
INFO:root:1 cookie
per second: 0
INFO:root:1 cookie
per second: 0
INFO:root:1 cookie
per second: 0
INFO:root:1 cookie
per second: 0
INFO:root:1 cookie
per second: 0
INFO:root:1 cookie
per second: 0
INFO:root:1 cookie
per second: 0
INFO:root:1 cookie
per second: 0
INFO:root:1 cookie
per second: 0
INFO:root:1 cookie
per second: 0
INFO:root:1 cookie
per second: 0
INFO:root:1 cookie
per second: 0
INFO:root:1 cookie
per second: 0
INFO:root:1 cookie
per second: 0
INFO:root:1 cookie
per second: 0
INFO:root:1 cookie
per second: 0
INFO:root:1 cookie
per second: 0
INFO:root:1 cookie
per second: 0
INFO:root:1 cookie
per second: 0
INFO:root:1 cookie
per second: 0
INFO:root:1 cookie
per second: 0
INFO:root:1 cookie
per second: 0
INFO:root:1 cookie
per second: 0
INFO:root:1 cookie
per second: 0
INFO:root:1 cookie
per second: 0
INFO:root:1 cookie
per second: 0
INFO:root:1 cookie
per second: 0
INFO:root:1 cookie
per second: 0
INFO:root:1 cookie
per second: 0
INFO:root:1 cookie
per second: 0
INFO:root:1 cookie
per second: 0
INFO:root:1 cookie
per second: 0
INFO:root:1 cookie
per second: 0
INFO:root:1 cookie
per second: 0
INFO:root:1 cookie
per second: 0
INFO:root:1 cookie
per second: 0
INFO:root:1 cookie
per second: 0
INFO:root:1 cookie
per second: 0
INFO:root:1 cookie
per second: 0
INFO:root:1 cookie
per second: 0
INFO:root:1 cookie
per second: 0
INFO:root:1 cookie
per second: 0
INFO:root:1 cookie
per second: 0
INFO:root:1 cookie
per second: 0
INFO:root:1 cookie
per second: 0
INFO:root:1 cookie
per second: 0
INFO:root:1 cookie
per second: 0
INFO:root:1 cookie
per second: 0
INFO:root:1 cookie
per second: 0
INFO:root:1 cookie
per second: 0
INFO:root:1 cookie
per second: 0
INFO:root:1 cookie
per second: 0
INFO:root:1 cookie
per second: 0
INFO:root:1 cookie
per second: 0
INFO:root:1 cookie
per second: 0
INFO:root:1 cookie
per second: 0
INFO:root:1 cookie
per second: 0
INFO:root:1 cookie
per second: 0
INFO:root:1 cookie
per second: 0
INFO:root:1 cookie
per second: 0
INFO:root:1 cookie
per second: 0
INFO:root:1 cookie
per second: 0
INFO:root:1 cookie
per second: 0
INFO:root:1 cookie
per second: 0
INFO:root:1 cookie
per second: 0
INFO:root:1 cookie
per second: 0
INFO:root:1 cookie
per second: 0
INFO:root:1 cookie
per second: 0
INFO:root:1 cookie
per second: 0
INFO:root:1 cookie
per second: 0
INFO:root:1 cookie
per second: 0
INFO:root:1 cookie
per second: 0
INFO:root:1 cookie
per second: 0
INFO:root:1 cookie
per second: 0
INFO:root:1 cookie
per second: 0
INFO:root:1 cookie
per second: 0
INFO:root:1 cookie
per second: 0
INFO:root:1 cookie
per second: 0
INFO:root:1 cookie
per second: 0
INFO:root:1 cookie
per second: 0
INFO:root:1 cookie
per second: 0
INFO:root:1 cookie
per second: 0
INFO:root:1 cookie
per second: 0
INFO:root:1 cookie
per second: 0
INFO:root:1 cookie
per second: 0
INFO:root:1 cookie
per second: 0
INFO:root:1 cookie
per second: 0
INFO:root:1 cookie
per second: 0
INFO:root:1 cookie
per second: 0
INFO:root:1 cookie
per second: 0
INFO:root:1 cookie
per second: 0
INFO:root:1 cookie
per second: 0
INFO:root:1 cookie
per second: 0
INFO:root:1 cookie
per second: 0
INFO:root:1 cookie
per second: 0
INFO:root:1 cookie
per second: 0
INFO:root:1 cookie
per second: 0
INFO:root:1 cookie
per second: 0
INFO:root:1 cookie
per second: 0
INFO:root:1 cookie
per second: 0
INFO:root:1 cookie
per second: 0
INFO:root:1 cookie
per second: 0
INFO:root:1 cookie
per second: 0
INFO:root:1 cookie
per second: 0
INFO:root:1 cookie
per second: 0
INFO:root:1 cookie
per second: 0
INFO:root:1 cookie
per second: 0
INFO:root:1 cookie
per second: 0
INFO:root:1 cookie
per second: 0
INFO:root:1 cookie
per second: 0
INFO:root:1 cookie
per second: 0
INFO:root:1 cookie
per second: 0
INFO:root:1 cookie
per second: 0
INFO:root:1 cookie
per second: 0
INFO:root:1 cookie
per second: 0
INFO:root:1 cookie
per second: 0
INFO:root:1 cookie
per second: 0
INFO:root:1 cookie
per second: 0
INFO:root:1 cookie
per second: 0
INFO:root:1 cookie
per second: 0
INFO:root:1 cookie
per second: 0
INFO:root:1 cookie
per second: 0
INFO:root:1 cookie
per second: 0
INFO:root:1 cookie
per second: 0
INFO:root:1 cookie
per second: 0
INFO:root:1 cookie
per second: 0
INFO:root:1 cookie
per second: 0
INFO:root:1 cookie
per second: 0
INFO:root:1 cookie
per second: 0
INFO:root:1 cookie
per second: 0
INFO:root:1 cookie
per second: 0
INFO:root:1 cookie
per second: 0
INFO:root:1 cookie
per second: 0
INFO:root:1 cookie
per second: 0
INFO:root:1 cookie
per second: 0
INFO:root:1 cookie
per second: 0
INFO:root:1 cookie
per second: 0
INFO:root:2 cookies
per second: 0
INFO:root:2 cookies
per second: 0
INFO:root:2 cookies
per second: 0
INFO:root:2 cookies
per second: 0
INFO:root:2 cookies
per second: 0
INFO:root:2 cookies
per second: 0
INFO:root:2 cookies
per second: 0
INFO:root:2 cookies
per second: 0
INFO:root:2 cookies
per second: 0
INFO:root:2 cookies
per second: 0
INFO:root:2 cookies
per second: 0
INFO:root:2 cookies
per second: 0
INFO:root:2 cookies
per second: 0
INFO:root:2 cookies
per second: 0
INFO:root:2 cookies
per second: 0
INFO:root:2 cookies
per second: 0
INFO:root:2 cookies
per second: 0
INFO:root:2 cookies
per second: 0
INFO:root:2 cookies
per second: 0
INFO:root:2 cookies
per second: 0
INFO:root:2 cookies
per second: 0
INFO:root:2 cookies
per second: 0
INFO:root:2 cookies
per second: 0
INFO:root:2 cookies
per second: 0
INFO:root:2 cookies
per second: 0
INFO:root:2 cookies
per second: 0
INFO:root:2 cookies
per second: 0
INFO:root:2 cookies
per second: 0
INFO:root:2 cookies
per second: 0
INFO:root:2 cookies
per second: 0
INFO:root:2 cookies
per second: 0
INFO:root:2 cookies
per second: 0
INFO:root:2 cookies
per second: 0
INFO:root:2 cookies
per second: 0
INFO:root:2 cookies
per second: 0
INFO:root:2 cookies
per second: 0
INFO:root:2 cookies
per second: 0
INFO:root:2 cookies
per second: 0
INFO:root:2 cookies
per second: 0
INFO:root:2 cookies
per second: 0
INFO:root:2 cookies
per second: 0
INFO:root:2 cookies
per second: 0
INFO:root:2 cookies
per second: 0
INFO:root:2 cookies
per second: 0
INFO:root:2 cookies
per second: 0
INFO:root:2 cookies
per second: 0
INFO:root:2 cookies
per second: 0
INFO:root:2 cookies
per second: 0
INFO:root:2 cookies
per second: 0
INFO:root:2 cookies
per second: 0
INFO:root:2 cookies
per second: 0
INFO:root:2 cookies
per second: 0
INFO:root:2 cookies
per second: 0
INFO:root:2 cookies
per second: 0
INFO:root:2 cookies
per second: 0
INFO:root:2 cookies
per second: 0
INFO:root:2 cookies
per second: 0
INFO:root:2 cookies
per second: 0
INFO:root:2 cookies
per second: 0
INFO:root:2 cookies
per second: 0
INFO:root:2 cookies
per second: 0
INFO:root:2 cookies
per second: 0
INFO:root:2 cookies
per second: 0
INFO:root:2 cookies
per second: 0
INFO:root:2 cookies
per second: 0
INFO:root:2 cookies
per second: 0
INFO:root:2 cookies
per second: 0
INFO:root:2 cookies
per second: 0
INFO:root:3 cookies
per second: 0
INFO:root:3 cookies
per second: 0
INFO:root:3 cookies
per second: 0
INFO:root:3 cookies
per second: 0
INFO:root:3 cookies
per second: 0
INFO:root:3 cookies
per second: 0
INFO:root:4 cookies
per second: 0
INFO:root:4 cookies
per second: 0
INFO:root:4 cookies
per second: 0
INFO:root:4 cookies
per second: 0
INFO:root:4 cookies
per second: 0
INFO:root:4 cookies
per second: 0
INFO:root:4 cookies
per second: 0
INFO:root:4 cookies
per second: 0
INFO:root:4 cookies
per second: 0
INFO:root:4 cookies
per second: 0
INFO:root:5 cookies
per second: 0
INFO:root:5 cookies
per second: 0
INFO:root:5 cookies
per second: 0
INFO:root:5 cookies
per second: 0
INFO:root:5 cookies
per second: 0
INFO:root:5 cookies
per second: 0
INFO:root:5 cookies
per second: 0
INFO:root:5 cookies
per second: 0
INFO:root:6 cookies
per second: 0
INFO:root:6 cookies
per second: 0
INFO:root:6 cookies
per second: 0
INFO:root:6 cookies
per second: 0
INFO:root:6 cookies
per second: 0
INFO:root:6 cookies
per second: 0
INFO:root:7 cookies
per second: 0
INFO:root:7 cookies
per second: 0
INFO:root:7 cookies
per second: 0
INFO:root:7 cookies
per second: 0
INFO:root:7 cookies
per second: 0
INFO:root:7 cookies
per second: 0
INFO:root:7 cookies
per second: 0
INFO:root:7 cookies
per second: 0
INFO:root:7 cookies
per second: 0
INFO:root:7 cookies
per second: 0
INFO:root:7 cookies
per second: 0
INFO:root:7 cookies
per second: 0
INFO:root:7 cookies
per second: 0
INFO:root:7 cookies
per second: 0
INFO:root:7 cookies
per second: 0
INFO:root:7 cookies
per second: 0
INFO:root:7 cookies
per second: 0
INFO:root:7 cookies
per second: 0
INFO:root:7 cookies
per second: 0
INFO:root:7 cookies
per second: 0
INFO:root:7 cookies
per second: 0
INFO:root:7 cookies
per second: 0
INFO:root:7 cookies
per second: 0
INFO:root:7 cookies
per second: 0
INFO:root:7 cookies
per second: 0
INFO:root:7 cookies
per second: 0
INFO:root:7 cookies
per second: 0
INFO:root:7 cookies
per second: 0
INFO:root:7 cookies
per second: 0
INFO:root:7 cookies
per second: 0
INFO:root:7 cookies
per second: 0
INFO:root:7 cookies
per second: 0
INFO:root:7 cookies
per second: 0
INFO:root:7 cookies
per second: 0
INFO:root:7 cookies
per second: 0
INFO:root:7 cookies
per second: 0
INFO:root:7 cookies
per second: 0
INFO:root:7 cookies
per second: 0
INFO:root:7 cookies
per second: 0
INFO:root:7 cookies
per second: 0
INFO:root:7 cookies
per second: 0
INFO:root:7 cookies
per second: 0
INFO:root:7 cookies
per second: 0
INFO:root:7 cookies
per second: 0
INFO:root:7 cookies
per second: 0
INFO:root:7 cookies
per second: 0
INFO:root:7 cookies
per second: 0
INFO:root:None
INFO:root:Message: no such window: target window already closed
from unknown error: web view not found
  (Session info: chrome=111.0.5563.147)
Stacktrace:
Backtrace:
	(No symbol) [0x00C1DCE3]
	(No symbol) [0x00BB39D1]
	(No symbol) [0x00AC4DA8]
	(No symbol) [0x00AAD0D3]
	(No symbol) [0x00B0EA8B]
	(No symbol) [0x00B1D093]
	(No symbol) [0x00B0ACC6]
	(No symbol) [0x00AE6F68]
	(No symbol) [0x00AE80CD]
	GetHandleVerifier [0x00E93832+2506274]
	GetHandleVerifier [0x00EC9794+2727300]
	GetHandleVerifier [0x00ECE36C+2746716]
	GetHandleVerifier [0x00CC6690+617600]
	(No symbol) [0x00BBC712]
	(No symbol) [0x00BC1FF8]
	(No symbol) [0x00BC20DB]
	(No symbol) [0x00BCC63B]
	BaseThreadInitThunk [0x76200099+25]
	RtlGetAppContainerNamedObjectPath [0x77067B6E+286]
	RtlGetAppContainerNamedObjectPath [0x77067B3E+238]

